2024-02-20T18:39:31.923317-05:00	START
2024-02-20T18:40:43.238441-05:00	
{
    "status": true,
    "obj": {
        "run": {
            "status": true,
            "stdout": {
                "id": 21,
                "creation_date": "2024-02-20T18:40:43.216206-05:00",
                "name": "pl-gpu_test",
                "version": "1.0.0",
                "dock_image": "fnndsc/pl-gpu_test:1.0.0",
                "public_repo": "https://github.com/FNNDSC/pl-gpu_test",
                "icon": "",
                "type": "ds",
                "stars": 0,
                "authors": "Sandip Samal <sandip.samal@childrens.harvard.edu>",
                "title": "Shows GPUs available in the compute env",
                "category": "GPU",
                "description": "An app to check GPU availability",
                "documentation": "https://github.com/FNNDSC/pl-pfdicom_tagSub",
                "license": "MIT",
                "execshell": "/usr/bin/python3",
                "selfpath": "/usr/local/bin",
                "selfexec": "gpu_test",
                "min_number_of_workers": 1,
                "max_number_of_workers": 1,
                "min_cpu_limit": 2000,
                "max_cpu_limit": 2147483647,
                "min_memory_limit": 32000,
                "max_memory_limit": 2147483647,
                "min_gpu_limit": 0,
                "max_gpu_limit": 0
            },
            "stderr": "",
            "returncode": 0
        }
    }
}
2024-02-20T18:40:43.238513-05:00	END
2024-02-20T18:43:14.982596-05:00	START
2024-02-20T18:43:19.167484-05:00	
{
    "status": true,
    "obj": {
        "run": {
            "status": true,
            "stdout": {
                "id": 142,
                "creation_date": "2024-02-20T18:43:19.124892-05:00",
                "name": "pl-gpu_test",
                "version": "1.0.0",
                "dock_image": "fnndsc/pl-gpu_test:1.0.0",
                "public_repo": "https://github.com/FNNDSC/pl-gpu_test",
                "icon": "",
                "type": "ds",
                "stars": 0,
                "authors": "Sandip Samal <sandip.samal@childrens.harvard.edu>",
                "title": "Shows GPUs available in the compute env",
                "category": "GPU",
                "description": "An app to check GPU availability",
                "documentation": "https://github.com/FNNDSC/pl-pfdicom_tagSub",
                "license": "MIT",
                "execshell": "/usr/bin/python3",
                "selfpath": "/usr/local/bin",
                "selfexec": "gpu_test",
                "min_number_of_workers": 1,
                "max_number_of_workers": 1,
                "min_cpu_limit": 2000,
                "max_cpu_limit": 2147483647,
                "min_memory_limit": 32000,
                "max_memory_limit": 2147483647,
                "min_gpu_limit": 0,
                "max_gpu_limit": 0
            },
            "stderr": "",
            "returncode": 0
        }
    }
}
2024-02-20T18:43:19.167581-05:00	END
